<?xml version="1.0" encoding="UTF-8"?>
<testng-results ignored="0" total="1" passed="1" failed="0" skipped="0">
  <reporter-output>
  </reporter-output>
  <suite started-at="2024-12-03T11:19:58 IST" name="Surefire suite" finished-at="2024-12-03T11:19:59 IST" duration-ms="77">
    <groups>
    </groups>
    <test started-at="2024-12-03T11:19:58 IST" name="Surefire test" finished-at="2024-12-03T11:19:59 IST" duration-ms="77">
      <class name="Sypi.Selenium_Demo_Practice.AppTest">
        <test-method signature="testApp()[pri:0, instance:testApp(Sypi.Selenium_Demo_Practice.AppTest)]" started-at="2024-12-03T11:19:59 IST" name="testApp" finished-at="2024-12-03T11:19:59 IST" duration-ms="7" status="PASS">
          <reporter-output>
          </reporter-output>
        </test-method> <!-- testApp -->
      </class> <!-- Sypi.Selenium_Demo_Practice.AppTest -->
    </test> <!-- Surefire test -->
  </suite> <!-- Surefire suite -->
</testng-results>
